<?xml version="1.0" encoding="UTF-8"?>
<testsuite name="PowerFunctionTest" tests="1" skipped="0" failures="0" errors="0" timestamp="2020-02-09T06:45:50" hostname="admin1-HP-EliteBook-Folio-9480m" time="0.006">
  <properties/>
  <testcase name="given100AsBaseValueAndExponentValue_WhenCorrect_ShouldReturnResult" classname="PowerFunctionTest" time="0.006"/>
  <system-out><![CDATA[0
0
]]></system-out>
  <system-err><![CDATA[]]></system-err>
</testsuite>
